2025-09-26 09:49:02.3N [ref-count] ðŸ” æ£€æŸ¥serverå®žä¾‹çŠ¶æ€...
2025-09-26 09:49:03.3N [ref-count] ðŸ“‹ æ²¡æœ‰å‘çŽ°è¿è¡Œä¸­çš„serverè¿›ç¨‹ï¼Œéœ€è¦å¯åŠ¨æ–°çš„server
2025-09-26 09:49:20.3N [ref-count] ðŸ” æ£€æŸ¥serverå®žä¾‹çŠ¶æ€...
2025-09-26 09:49:20.3N [ref-count] ðŸ” æ£€æŸ¥serverå®žä¾‹çŠ¶æ€...
2025-09-26 09:49:20.3N [ref-count] âœ… é€šè¿‡ç«¯å£å‘çŽ°å•ä¸ªæœ‰æ•ˆserverè¿›ç¨‹: 94856
2025-09-26 09:49:20.3N [ref-count] âœ… PIDæ–‡ä»¶ä¸­çš„serverè¿›ç¨‹æœ‰æ•ˆï¼ŒPID: 94856
2025-09-26 09:49:20.3N [ref-count] ðŸ” æ£€æŸ¥serverå®žä¾‹çŠ¶æ€...
2025-09-26 09:49:20.3N [ref-count] âœ… é€šè¿‡ç«¯å£å‘çŽ°å•ä¸ªæœ‰æ•ˆserverè¿›ç¨‹: 94856
2025-09-26 09:49:21.3N [ref-count] âœ… PIDæ–‡ä»¶ä¸­çš„serverè¿›ç¨‹æœ‰æ•ˆï¼ŒPID: 94856
2025-09-26 09:49:21.3N [ref-count] âœ… é€šè¿‡ç«¯å£å‘çŽ°å•ä¸ªæœ‰æ•ˆserverè¿›ç¨‹: 94856
2025-09-26 09:49:21.3N [ref-count] âœ… PIDæ–‡ä»¶ä¸­çš„serverè¿›ç¨‹æœ‰æ•ˆï¼ŒPID: 94856
2025-09-26 09:49:21.3N [ref-count] ðŸ” æ£€æŸ¥serverå®žä¾‹çŠ¶æ€...
2025-09-26 09:49:21.3N [ref-count] âœ… é€šè¿‡ç«¯å£å‘çŽ°å•ä¸ªæœ‰æ•ˆserverè¿›ç¨‹: 94856
2025-09-26 09:49:21.3N [ref-count] âœ… PIDæ–‡ä»¶ä¸­çš„serverè¿›ç¨‹æœ‰æ•ˆï¼ŒPID: 94856
2025-09-26 09:49:21.3N [ref-count] ðŸ” æ£€æŸ¥serverå®žä¾‹çŠ¶æ€...
2025-09-26 09:49:21.3N [ref-count] ðŸ” æ£€æŸ¥serverå®žä¾‹çŠ¶æ€...
2025-09-26 09:49:21.3N [ref-count] âœ… é€šè¿‡ç«¯å£å‘çŽ°å•ä¸ªæœ‰æ•ˆserverè¿›ç¨‹: 94856
2025-09-26 09:49:21.3N [ref-count] âœ… PIDæ–‡ä»¶ä¸­çš„serverè¿›ç¨‹æœ‰æ•ˆï¼ŒPID: 94856
2025-09-26 09:49:21.3N [ref-count] âœ… é€šè¿‡ç«¯å£å‘çŽ°å•ä¸ªæœ‰æ•ˆserverè¿›ç¨‹: 94856
2025-09-26 09:49:21.3N [ref-count] âœ… PIDæ–‡ä»¶ä¸­çš„serverè¿›ç¨‹æœ‰æ•ˆï¼ŒPID: 94856
2025-09-26 09:49:22.3N [ref-count] âœ… PIDæ–‡ä»¶ä¸­çš„serverè¿›ç¨‹æœ‰æ•ˆï¼ŒPID: 94856
2025-09-26 09:49:22.3N [ref-count] âœ… PIDæ–‡ä»¶ä¸­çš„serverè¿›ç¨‹æœ‰æ•ˆï¼ŒPID: 94856
2025-09-26 09:49:22.3N [ref-count] âœ… PIDæ–‡ä»¶ä¸­çš„serverè¿›ç¨‹æœ‰æ•ˆï¼ŒPID: 94856
2025-09-26 09:49:23.3N [ref-count] è®¾ç½®å¼•ç”¨è®¡æ•°: 1
2025-09-26 09:49:23.3N [ref-count] âœ… å¼•ç”¨è®¡æ•°é€’å¢ž:  -> 1
2025-09-26 09:49:23.3N [ref-count] è®¾ç½®å¼•ç”¨è®¡æ•°: 2
2025-09-26 09:49:23.3N [ref-count] âœ… å¼•ç”¨è®¡æ•°é€’å¢ž: 1 -> 2
2025-09-26 09:49:23.3N [ref-count] è®¾ç½®å¼•ç”¨è®¡æ•°: 3
2025-09-26 09:49:23.3N [ref-count] âœ… å¼•ç”¨è®¡æ•°é€’å¢ž: 2 -> 3
2025-09-26 09:49:24.3N [ref-count] âœ… PIDæ–‡ä»¶ä¸­çš„serverè¿›ç¨‹æœ‰æ•ˆï¼ŒPID: 94856
2025-09-26 09:49:24.3N [ref-count] âœ… PIDæ–‡ä»¶ä¸­çš„serverè¿›ç¨‹æœ‰æ•ˆï¼ŒPID: 94856
2025-09-26 09:49:25.3N [ref-count] âœ… PIDæ–‡ä»¶ä¸­çš„serverè¿›ç¨‹æœ‰æ•ˆï¼ŒPID: 94856
2025-09-26 09:49:25.3N [ref-count] âœ… PIDæ–‡ä»¶ä¸­çš„serverè¿›ç¨‹æœ‰æ•ˆï¼ŒPID: 94856
2025-09-26 09:49:26.3N [ref-count] è®¾ç½®å¼•ç”¨è®¡æ•°: 4
2025-09-26 09:49:26.3N [ref-count] âœ… å¼•ç”¨è®¡æ•°é€’å¢ž: 3 -> 4
2025-09-26 09:49:26.3N [ref-count] è®¾ç½®å¼•ç”¨è®¡æ•°: 5
2025-09-26 09:49:26.3N [ref-count] âœ… å¼•ç”¨è®¡æ•°é€’å¢ž: 4 -> 5
2025-09-26 09:49:26.3N [ref-count] è®¾ç½®å¼•ç”¨è®¡æ•°: 6
2025-09-26 09:49:26.3N [ref-count] âœ… å¼•ç”¨è®¡æ•°é€’å¢ž: 5 -> 6
2025-09-26 09:49:26.3N [ref-count] è®¾ç½®å¼•ç”¨è®¡æ•°: 7
2025-09-26 09:49:26.3N [ref-count] âœ… å¼•ç”¨è®¡æ•°é€’å¢ž: 6 -> 7
2025-09-26 09:56:39.3N [ref-count] ðŸ” æ£€æŸ¥serverå®žä¾‹çŠ¶æ€...
2025-09-26 09:56:39.3N [ref-count] âœ… é€šè¿‡ç«¯å£å‘çŽ°å•ä¸ªæœ‰æ•ˆserverè¿›ç¨‹: 94856
2025-09-26 09:56:39.3N [ref-count] âœ… PIDæ–‡ä»¶ä¸­çš„serverè¿›ç¨‹æœ‰æ•ˆï¼ŒPID: 94856
2025-09-26 09:56:39.3N [ref-count] ðŸ” æ£€æŸ¥serverå®žä¾‹çŠ¶æ€...
2025-09-26 09:56:39.3N [ref-count] âœ… é€šè¿‡ç«¯å£å‘çŽ°å•ä¸ªæœ‰æ•ˆserverè¿›ç¨‹: 94856
2025-09-26 09:56:39.3N [ref-count] âœ… PIDæ–‡ä»¶ä¸­çš„serverè¿›ç¨‹æœ‰æ•ˆï¼ŒPID: 94856
2025-09-26 09:56:39.3N [ref-count] ðŸ” æ£€æŸ¥serverå®žä¾‹çŠ¶æ€...
2025-09-26 09:56:39.3N [ref-count] âœ… é€šè¿‡ç«¯å£å‘çŽ°å•ä¸ªæœ‰æ•ˆserverè¿›ç¨‹: 94856
2025-09-26 09:56:39.3N [ref-count] âœ… PIDæ–‡ä»¶ä¸­çš„serverè¿›ç¨‹æœ‰æ•ˆï¼ŒPID: 94856
2025-09-26 09:56:39.3N [ref-count] ðŸ” æ£€æŸ¥serverå®žä¾‹çŠ¶æ€...
2025-09-26 09:56:40.3N [ref-count] âœ… é€šè¿‡ç«¯å£å‘çŽ°å•ä¸ªæœ‰æ•ˆserverè¿›ç¨‹: 94856
2025-09-26 09:56:40.3N [ref-count] âœ… PIDæ–‡ä»¶ä¸­çš„serverè¿›ç¨‹æœ‰æ•ˆï¼ŒPID: 94856
2025-09-26 09:56:40.3N [ref-count] âœ… PIDæ–‡ä»¶ä¸­çš„serverè¿›ç¨‹æœ‰æ•ˆï¼ŒPID: 94856
2025-09-26 09:56:41.3N [ref-count] âœ… PIDæ–‡ä»¶ä¸­çš„serverè¿›ç¨‹æœ‰æ•ˆï¼ŒPID: 94856
2025-09-26 09:56:41.3N [ref-count] âœ… PIDæ–‡ä»¶ä¸­çš„serverè¿›ç¨‹æœ‰æ•ˆï¼ŒPID: 94856
2025-09-26 09:56:41.3N [ref-count] è®¾ç½®å¼•ç”¨è®¡æ•°: 8
2025-09-26 09:56:41.3N [ref-count] âœ… å¼•ç”¨è®¡æ•°é€’å¢ž: 7 -> 8
2025-09-26 09:56:41.3N [ref-count] è®¾ç½®å¼•ç”¨è®¡æ•°: 9
2025-09-26 09:56:41.3N [ref-count] âœ… å¼•ç”¨è®¡æ•°é€’å¢ž: 8 -> 9
2025-09-26 09:56:41.3N [ref-count] è®¾ç½®å¼•ç”¨è®¡æ•°: 10
2025-09-26 09:56:41.3N [ref-count] âœ… å¼•ç”¨è®¡æ•°é€’å¢ž: 9 -> 10
2025-09-26 09:56:42.3N [ref-count] ðŸ” æ£€æŸ¥serverå®žä¾‹çŠ¶æ€...
2025-09-26 09:56:42.3N [ref-count] âœ… é€šè¿‡ç«¯å£å‘çŽ°å•ä¸ªæœ‰æ•ˆserverè¿›ç¨‹: 94856
2025-09-26 09:56:42.3N [ref-count] âœ… PIDæ–‡ä»¶ä¸­çš„serverè¿›ç¨‹æœ‰æ•ˆï¼ŒPID: 94856
2025-09-26 09:56:42.3N [ref-count] âœ… PIDæ–‡ä»¶ä¸­çš„serverè¿›ç¨‹æœ‰æ•ˆï¼ŒPID: 94856
2025-09-26 09:56:43.3N [ref-count] è®¾ç½®å¼•ç”¨è®¡æ•°: 11
2025-09-26 09:56:43.3N [ref-count] âœ… å¼•ç”¨è®¡æ•°é€’å¢ž: 10 -> 11
2025-09-26 09:56:43.3N [ref-count] âœ… PIDæ–‡ä»¶ä¸­çš„serverè¿›ç¨‹æœ‰æ•ˆï¼ŒPID: 94856
2025-09-26 09:56:44.3N [ref-count] è®¾ç½®å¼•ç”¨è®¡æ•°: 12
2025-09-26 09:56:44.3N [ref-count] âœ… å¼•ç”¨è®¡æ•°é€’å¢ž: 11 -> 12
2025-09-26 10:01:04.3N [ref-count] ðŸ” æ£€æŸ¥serverå®žä¾‹çŠ¶æ€...
2025-09-26 10:01:05.3N [ref-count] ðŸ“‹ æ²¡æœ‰å‘çŽ°è¿è¡Œä¸­çš„serverè¿›ç¨‹ï¼Œéœ€è¦å¯åŠ¨æ–°çš„server
2025-09-26 10:01:19.3N [ref-count] ðŸ” æ£€æŸ¥serverå®žä¾‹çŠ¶æ€...
2025-09-26 10:01:19.3N [ref-count] ðŸ” æ£€æŸ¥serverå®žä¾‹çŠ¶æ€...
2025-09-26 10:01:19.3N [ref-count] âœ… é€šè¿‡ç«¯å£å‘çŽ°å•ä¸ªæœ‰æ•ˆserverè¿›ç¨‹: 60857
2025-09-26 10:01:19.3N [ref-count] âœ… PIDæ–‡ä»¶ä¸­çš„serverè¿›ç¨‹æœ‰æ•ˆï¼ŒPID: 60857
2025-09-26 10:01:19.3N [ref-count] ðŸ” æ£€æŸ¥serverå®žä¾‹çŠ¶æ€...
2025-09-26 10:01:19.3N [ref-count] âœ… é€šè¿‡ç«¯å£å‘çŽ°å•ä¸ªæœ‰æ•ˆserverè¿›ç¨‹: 60857
2025-09-26 10:01:19.3N [ref-count] âœ… PIDæ–‡ä»¶ä¸­çš„serverè¿›ç¨‹æœ‰æ•ˆï¼ŒPID: 60857
2025-09-26 10:01:19.3N [ref-count] âœ… é€šè¿‡ç«¯å£å‘çŽ°å•ä¸ªæœ‰æ•ˆserverè¿›ç¨‹: 60857
2025-09-26 10:01:19.3N [ref-count] âœ… PIDæ–‡ä»¶ä¸­çš„serverè¿›ç¨‹æœ‰æ•ˆï¼ŒPID: 60857
2025-09-26 10:01:19.3N [ref-count] ðŸ” æ£€æŸ¥serverå®žä¾‹çŠ¶æ€...
2025-09-26 10:01:19.3N [ref-count] âœ… é€šè¿‡ç«¯å£å‘çŽ°å•ä¸ªæœ‰æ•ˆserverè¿›ç¨‹: 60857
2025-09-26 10:01:19.3N [ref-count] âœ… PIDæ–‡ä»¶ä¸­çš„serverè¿›ç¨‹æœ‰æ•ˆï¼ŒPID: 60857
2025-09-26 10:01:20.3N [ref-count] âœ… PIDæ–‡ä»¶ä¸­çš„serverè¿›ç¨‹æœ‰æ•ˆï¼ŒPID: 60857
2025-09-26 10:01:21.3N [ref-count] âœ… PIDæ–‡ä»¶ä¸­çš„serverè¿›ç¨‹æœ‰æ•ˆï¼ŒPID: 60857
2025-09-26 10:01:21.3N [ref-count] è®¾ç½®å¼•ç”¨è®¡æ•°: 13
2025-09-26 10:01:21.3N [ref-count] âœ… å¼•ç”¨è®¡æ•°é€’å¢ž: 12 -> 13
2025-09-26 10:01:21.3N [ref-count] âœ… PIDæ–‡ä»¶ä¸­çš„serverè¿›ç¨‹æœ‰æ•ˆï¼ŒPID: 60857
2025-09-26 10:01:22.3N [ref-count] è®¾ç½®å¼•ç”¨è®¡æ•°: 14
2025-09-26 10:01:22.3N [ref-count] âœ… å¼•ç”¨è®¡æ•°é€’å¢ž: 13 -> 14
2025-09-26 10:01:22.3N [ref-count] è®¾ç½®å¼•ç”¨è®¡æ•°: 15
2025-09-26 10:01:22.3N [ref-count] âœ… å¼•ç”¨è®¡æ•°é€’å¢ž: 14 -> 15
2025-09-26 10:01:22.3N [ref-count] âœ… PIDæ–‡ä»¶ä¸­çš„serverè¿›ç¨‹æœ‰æ•ˆï¼ŒPID: 60857
2025-09-26 10:01:23.3N [ref-count] ðŸ” æ£€æŸ¥serverå®žä¾‹çŠ¶æ€...
2025-09-26 10:01:23.3N [ref-count] âœ… é€šè¿‡ç«¯å£å‘çŽ°å•ä¸ªæœ‰æ•ˆserverè¿›ç¨‹: 60857
2025-09-26 10:01:23.3N [ref-count] âœ… PIDæ–‡ä»¶ä¸­çš„serverè¿›ç¨‹æœ‰æ•ˆï¼ŒPID: 60857
2025-09-26 10:01:23.3N [ref-count] âœ… PIDæ–‡ä»¶ä¸­çš„serverè¿›ç¨‹æœ‰æ•ˆï¼ŒPID: 60857
2025-09-26 10:01:23.3N [ref-count] è®¾ç½®å¼•ç”¨è®¡æ•°: 16
2025-09-26 10:01:23.3N [ref-count] âœ… å¼•ç”¨è®¡æ•°é€’å¢ž: 15 -> 16
2025-09-26 10:01:24.3N [ref-count] âœ… PIDæ–‡ä»¶ä¸­çš„serverè¿›ç¨‹æœ‰æ•ˆï¼ŒPID: 60857
2025-09-26 10:01:24.3N [ref-count] è®¾ç½®å¼•ç”¨è®¡æ•°: 17
2025-09-26 10:01:24.3N [ref-count] âœ… å¼•ç”¨è®¡æ•°é€’å¢ž: 16 -> 17
2025-09-26 10:01:25.3N [ref-count] è®¾ç½®å¼•ç”¨è®¡æ•°: 18
2025-09-26 10:01:25.3N [ref-count] âœ… å¼•ç”¨è®¡æ•°é€’å¢ž: 17 -> 18
2025-09-26 10:05:48.3N [ref-count] ðŸ” æ£€æŸ¥serverå®žä¾‹çŠ¶æ€...
2025-09-26 10:05:51.3N [ref-count] ðŸ“‹ æ²¡æœ‰å‘çŽ°è¿è¡Œä¸­çš„serverè¿›ç¨‹ï¼Œéœ€è¦å¯åŠ¨æ–°çš„server
2025-09-26 10:06:06.3N [ref-count] ðŸ” æ£€æŸ¥serverå®žä¾‹çŠ¶æ€...
2025-09-26 10:06:06.3N [ref-count] ðŸ” æ£€æŸ¥serverå®žä¾‹çŠ¶æ€...
2025-09-26 10:06:06.3N [ref-count] ðŸ” æ£€æŸ¥serverå®žä¾‹çŠ¶æ€...
2025-09-26 10:06:06.3N [ref-count] âœ… å‘çŽ°æœ‰æ•ˆnode serverè¿›ç¨‹: 81959
2025-09-26 10:06:06.3N [ref-count] âœ… å‘çŽ°å•ä¸ªnode serverè¿›ç¨‹: 81959
2025-09-26 10:06:06.3N [ref-count] âœ… PIDæ–‡ä»¶ä¸­çš„serverè¿›ç¨‹æœ‰æ•ˆï¼ŒPID: 81959
2025-09-26 10:06:06.3N [ref-count] âœ… å‘çŽ°æœ‰æ•ˆnode serverè¿›ç¨‹: 81959
2025-09-26 10:06:06.3N [ref-count] âœ… å‘çŽ°å•ä¸ªnode serverè¿›ç¨‹: 81959
2025-09-26 10:06:06.3N [ref-count] âœ… PIDæ–‡ä»¶ä¸­çš„serverè¿›ç¨‹æœ‰æ•ˆï¼ŒPID: 81959
2025-09-26 10:06:06.3N [ref-count] ðŸ” æ£€æŸ¥serverå®žä¾‹çŠ¶æ€...
2025-09-26 10:06:06.3N [ref-count] âœ… å‘çŽ°æœ‰æ•ˆnode serverè¿›ç¨‹: 81959
2025-09-26 10:06:06.3N [ref-count] âœ… å‘çŽ°å•ä¸ªnode serverè¿›ç¨‹: 81959
2025-09-26 10:06:06.3N [ref-count] âœ… PIDæ–‡ä»¶ä¸­çš„serverè¿›ç¨‹æœ‰æ•ˆï¼ŒPID: 81959
2025-09-26 10:06:06.3N [ref-count] âœ… å‘çŽ°æœ‰æ•ˆnode serverè¿›ç¨‹: 81959
2025-09-26 10:06:06.3N [ref-count] âœ… å‘çŽ°å•ä¸ªnode serverè¿›ç¨‹: 81959
2025-09-26 10:06:06.3N [ref-count] ðŸ” æ£€æŸ¥serverå®žä¾‹çŠ¶æ€...
2025-09-26 10:06:06.3N [ref-count] âœ… PIDæ–‡ä»¶ä¸­çš„serverè¿›ç¨‹æœ‰æ•ˆï¼ŒPID: 81959
2025-09-26 10:06:06.3N [ref-count] âœ… å‘çŽ°æœ‰æ•ˆnode serverè¿›ç¨‹: 81959
2025-09-26 10:06:06.3N [ref-count] âœ… å‘çŽ°å•ä¸ªnode serverè¿›ç¨‹: 81959
2025-09-26 10:06:06.3N [ref-count] âœ… PIDæ–‡ä»¶ä¸­çš„serverè¿›ç¨‹æœ‰æ•ˆï¼ŒPID: 81959
2025-09-26 10:06:07.3N [ref-count] âœ… PIDæ–‡ä»¶ä¸­çš„serverè¿›ç¨‹æœ‰æ•ˆï¼ŒPID: 81959
2025-09-26 10:06:08.3N [ref-count] âœ… PIDæ–‡ä»¶ä¸­çš„serverè¿›ç¨‹æœ‰æ•ˆï¼ŒPID: 81959
2025-09-26 10:06:08.3N [ref-count] âœ… PIDæ–‡ä»¶ä¸­çš„serverè¿›ç¨‹æœ‰æ•ˆï¼ŒPID: 81959
2025-09-26 10:06:08.3N [ref-count] è®¾ç½®å¼•ç”¨è®¡æ•°: 1
2025-09-26 10:06:08.3N [ref-count] âœ… å¼•ç”¨è®¡æ•°é€’å¢ž: 0 -> 1
2025-09-26 10:06:08.3N [ref-count] è®¾ç½®å¼•ç”¨è®¡æ•°: 2
2025-09-26 10:06:09.3N [ref-count] âœ… å¼•ç”¨è®¡æ•°é€’å¢ž: 1 -> 2
2025-09-26 10:06:09.3N [ref-count] è®¾ç½®å¼•ç”¨è®¡æ•°: 3
2025-09-26 10:06:09.3N [ref-count] âœ… å¼•ç”¨è®¡æ•°é€’å¢ž: 2 -> 3
2025-09-26 10:06:10.3N [ref-count] âœ… PIDæ–‡ä»¶ä¸­çš„serverè¿›ç¨‹æœ‰æ•ˆï¼ŒPID: 81959
2025-09-26 10:06:10.3N [ref-count] âœ… PIDæ–‡ä»¶ä¸­çš„serverè¿›ç¨‹æœ‰æ•ˆï¼ŒPID: 81959
2025-09-26 10:06:11.3N [ref-count] âœ… PIDæ–‡ä»¶ä¸­çš„serverè¿›ç¨‹æœ‰æ•ˆï¼ŒPID: 81959
2025-09-26 10:06:11.3N [ref-count] è®¾ç½®å¼•ç”¨è®¡æ•°: 4
2025-09-26 10:06:11.3N [ref-count] âœ… å¼•ç”¨è®¡æ•°é€’å¢ž: 3 -> 4
2025-09-26 10:06:11.3N [ref-count] è®¾ç½®å¼•ç”¨è®¡æ•°: 5
2025-09-26 10:06:11.3N [ref-count] âœ… å¼•ç”¨è®¡æ•°é€’å¢ž: 4 -> 5
2025-09-26 10:06:11.3N [ref-count] è®¾ç½®å¼•ç”¨è®¡æ•°: 6
2025-09-26 10:06:11.3N [ref-count] âœ… å¼•ç”¨è®¡æ•°é€’å¢ž: 5 -> 6
2025-09-26 10:41:50.3N [ref-count] ðŸ” æ£€æŸ¥serverå®žä¾‹çŠ¶æ€...
2025-09-26 10:41:51.3N [ref-count] ðŸ“‹ æ²¡æœ‰å‘çŽ°è¿è¡Œä¸­çš„serverè¿›ç¨‹ï¼Œéœ€è¦å¯åŠ¨æ–°çš„server
2025-09-26 10:42:05.3N [ref-count] ðŸ” æ£€æŸ¥serverå®žä¾‹çŠ¶æ€...
2025-09-26 10:42:05.3N [ref-count] ðŸ” æ£€æŸ¥serverå®žä¾‹çŠ¶æ€...
2025-09-26 10:42:05.3N [ref-count] âœ… é€šè¿‡ç«¯å£å‘çŽ°å•ä¸ªæœ‰æ•ˆserverè¿›ç¨‹: 1181
2025-09-26 10:42:06.3N [ref-count] âœ… PIDæ–‡ä»¶ä¸­çš„serverè¿›ç¨‹æœ‰æ•ˆï¼ŒPID: 1181
2025-09-26 10:42:06.3N [ref-count] ðŸ” æ£€æŸ¥serverå®žä¾‹çŠ¶æ€...
2025-09-26 10:42:06.3N [ref-count] âœ… é€šè¿‡ç«¯å£å‘çŽ°å•ä¸ªæœ‰æ•ˆserverè¿›ç¨‹: 1181
2025-09-26 10:42:06.3N [ref-count] âœ… PIDæ–‡ä»¶ä¸­çš„serverè¿›ç¨‹æœ‰æ•ˆï¼ŒPID: 1181
2025-09-26 10:42:06.3N [ref-count] âœ… é€šè¿‡ç«¯å£å‘çŽ°å•ä¸ªæœ‰æ•ˆserverè¿›ç¨‹: 1181
2025-09-26 10:42:06.3N [ref-count] âœ… PIDæ–‡ä»¶ä¸­çš„serverè¿›ç¨‹æœ‰æ•ˆï¼ŒPID: 1181
2025-09-26 10:42:06.3N [ref-count] ðŸ” æ£€æŸ¥serverå®žä¾‹çŠ¶æ€...
2025-09-26 10:42:06.3N [ref-count] âœ… é€šè¿‡ç«¯å£å‘çŽ°å•ä¸ªæœ‰æ•ˆserverè¿›ç¨‹: 1181
2025-09-26 10:42:06.3N [ref-count] âœ… PIDæ–‡ä»¶ä¸­çš„serverè¿›ç¨‹æœ‰æ•ˆï¼ŒPID: 1181
2025-09-26 10:42:06.3N [ref-count] ðŸ” æ£€æŸ¥serverå®žä¾‹çŠ¶æ€...
2025-09-26 10:42:06.3N [ref-count] âœ… é€šè¿‡ç«¯å£å‘çŽ°å•ä¸ªæœ‰æ•ˆserverè¿›ç¨‹: 1181
2025-09-26 10:42:06.3N [ref-count] âœ… PIDæ–‡ä»¶ä¸­çš„serverè¿›ç¨‹æœ‰æ•ˆï¼ŒPID: 1181
2025-09-26 10:42:06.3N [ref-count] âœ… PIDæ–‡ä»¶ä¸­çš„serverè¿›ç¨‹æœ‰æ•ˆï¼ŒPID: 1181
2025-09-26 10:42:07.3N [ref-count] âœ… PIDæ–‡ä»¶ä¸­çš„serverè¿›ç¨‹æœ‰æ•ˆï¼ŒPID: 1181
2025-09-26 10:42:07.3N [ref-count] âœ… PIDæ–‡ä»¶ä¸­çš„serverè¿›ç¨‹æœ‰æ•ˆï¼ŒPID: 1181
2025-09-26 10:42:08.3N [ref-count] âœ… PIDæ–‡ä»¶ä¸­çš„serverè¿›ç¨‹æœ‰æ•ˆï¼ŒPID: 1181
2025-09-26 10:42:08.3N [ref-count] è®¾ç½®å¼•ç”¨è®¡æ•°: 7
2025-09-26 10:42:08.3N [ref-count] âœ… å¼•ç”¨è®¡æ•°é€’å¢ž: 6 -> 7
2025-09-26 10:42:08.3N [ref-count] è®¾ç½®å¼•ç”¨è®¡æ•°: 8
2025-09-26 10:42:08.3N [ref-count] âœ… å¼•ç”¨è®¡æ•°é€’å¢ž: 7 -> 8
2025-09-26 10:42:09.3N [ref-count] è®¾ç½®å¼•ç”¨è®¡æ•°: 9
2025-09-26 10:42:09.3N [ref-count] âœ… å¼•ç”¨è®¡æ•°é€’å¢ž: 8 -> 9
2025-09-26 10:42:10.3N [ref-count] âœ… PIDæ–‡ä»¶ä¸­çš„serverè¿›ç¨‹æœ‰æ•ˆï¼ŒPID: 1181
2025-09-26 10:42:10.3N [ref-count] âœ… PIDæ–‡ä»¶ä¸­çš„serverè¿›ç¨‹æœ‰æ•ˆï¼ŒPID: 1181
2025-09-26 10:42:10.3N [ref-count] è®¾ç½®å¼•ç”¨è®¡æ•°: 10
2025-09-26 10:42:10.3N [ref-count] âœ… å¼•ç”¨è®¡æ•°é€’å¢ž: 9 -> 10
2025-09-26 10:42:11.3N [ref-count] è®¾ç½®å¼•ç”¨è®¡æ•°: 11
2025-09-26 10:42:11.3N [ref-count] âœ… å¼•ç”¨è®¡æ•°é€’å¢ž: 10 -> 11
2025-09-26 10:42:11.3N [ref-count] è®¾ç½®å¼•ç”¨è®¡æ•°: 12
2025-09-26 10:42:11.3N [ref-count] âœ… å¼•ç”¨è®¡æ•°é€’å¢ž: 11 -> 12
